0 info it worked if it ends with ok
1 verbose cli [ 'C:\\Program Files\\nodejs\\\\node.exe',
1 verbose cli   'C:\\Program Files\\nodejs\\node_modules\\npm\\bin\\npm-cli.js',
1 verbose cli   'install',
1 verbose cli   'laravel-elixer' ]
2 info using npm@2.9.1
3 info using node@v0.12.3
4 verbose node symlink C:\Program Files\nodejs\\node.exe
5 verbose install initial load of C:\xampp\htdocs\planner2\package.json
6 verbose installManyTop reading scoped package data from C:\xampp\htdocs\planner2\node_modules\gulp\package.json
7 verbose installManyTop reading scoped package data from C:\xampp\htdocs\planner2\node_modules\gulp-autoprefixer\package.json
8 verbose installManyTop reading scoped package data from C:\xampp\htdocs\planner2\node_modules\gulp-concat\package.json
9 verbose installManyTop reading scoped package data from C:\xampp\htdocs\planner2\node_modules\gulp-image-optimization\package.json
10 verbose installManyTop reading scoped package data from C:\xampp\htdocs\planner2\node_modules\gulp-jshint\package.json
11 verbose installManyTop reading scoped package data from C:\xampp\htdocs\planner2\node_modules\gulp-minify-css\package.json
12 verbose installManyTop reading scoped package data from C:\xampp\htdocs\planner2\node_modules\gulp-plumber\package.json
13 verbose installManyTop reading scoped package data from C:\xampp\htdocs\planner2\node_modules\gulp-rename\package.json
14 verbose installManyTop reading scoped package data from C:\xampp\htdocs\planner2\node_modules\gulp-uglify\package.json
15 verbose installManyTop reading scoped package data from C:\xampp\htdocs\planner2\node_modules\jshint-stylish\package.json
16 verbose readDependencies loading dependencies from C:\xampp\htdocs\planner2\package.json
17 silly cache add args [ 'laravel-elixer', null ]
18 verbose cache add spec laravel-elixer
19 silly cache add parsed spec { raw: 'laravel-elixer',
19 silly cache add   scope: null,
19 silly cache add   name: 'laravel-elixer',
19 silly cache add   rawSpec: '',
19 silly cache add   spec: '*',
19 silly cache add   type: 'range' }
20 silly addNamed laravel-elixer@*
21 verbose addNamed "*" is a valid semver range for laravel-elixer
22 silly addNameRange { name: 'laravel-elixer', range: '*', hasData: false }
23 silly mapToRegistry name laravel-elixer
24 silly mapToRegistry using default registry
25 silly mapToRegistry registry https://registry.npmjs.org/
26 silly mapToRegistry uri https://registry.npmjs.org/laravel-elixer
27 verbose addNameRange registry:https://registry.npmjs.org/laravel-elixer not in flight; fetching
28 verbose request uri https://registry.npmjs.org/laravel-elixer
29 verbose request no auth needed
30 info attempt registry request try #1 at 7:23:59 PM
31 verbose request id 4a088022f92e31f1
32 http request GET https://registry.npmjs.org/laravel-elixer
33 http 404 https://registry.npmjs.org/laravel-elixer
34 verbose headers { server: 'CouchDB/1.5.0 (Erlang OTP/R16B03)',
34 verbose headers   'content-type': 'application/json',
34 verbose headers   'cache-control': 'max-age=0',
34 verbose headers   'content-length': '51',
34 verbose headers   'accept-ranges': 'bytes',
34 verbose headers   date: 'Sun, 31 May 2015 00:23:55 GMT',
34 verbose headers   via: '1.1 varnish',
34 verbose headers   age: '0',
34 verbose headers   connection: 'keep-alive',
34 verbose headers   'x-served-by': 'cache-dfw1834-DFW',
34 verbose headers   'x-cache': 'MISS',
34 verbose headers   'x-cache-hits': '0',
34 verbose headers   'x-timer': 'S1433031835.732484,VS0,VE262' }
35 silly get cb [ 404,
35 silly get   { server: 'CouchDB/1.5.0 (Erlang OTP/R16B03)',
35 silly get     'content-type': 'application/json',
35 silly get     'cache-control': 'max-age=0',
35 silly get     'content-length': '51',
35 silly get     'accept-ranges': 'bytes',
35 silly get     date: 'Sun, 31 May 2015 00:23:55 GMT',
35 silly get     via: '1.1 varnish',
35 silly get     age: '0',
35 silly get     connection: 'keep-alive',
35 silly get     'x-served-by': 'cache-dfw1834-DFW',
35 silly get     'x-cache': 'MISS',
35 silly get     'x-cache-hits': '0',
35 silly get     'x-timer': 'S1433031835.732484,VS0,VE262' } ]
36 verbose stack Error: 404 Not Found: laravel-elixer
36 verbose stack     at CachingRegistryClient.<anonymous> (C:\Program Files\nodejs\node_modules\npm\node_modules\npm-registry-client\lib\request.js:245:14)
36 verbose stack     at Request._callback (C:\Program Files\nodejs\node_modules\npm\node_modules\npm-registry-client\lib\request.js:170:14)
36 verbose stack     at Request.self.callback (C:\Program Files\nodejs\node_modules\npm\node_modules\request\request.js:368:22)
36 verbose stack     at Request.emit (events.js:110:17)
36 verbose stack     at Request.<anonymous> (C:\Program Files\nodejs\node_modules\npm\node_modules\request\request.js:1219:14)
36 verbose stack     at Request.emit (events.js:129:20)
36 verbose stack     at IncomingMessage.<anonymous> (C:\Program Files\nodejs\node_modules\npm\node_modules\request\request.js:1167:12)
36 verbose stack     at IncomingMessage.emit (events.js:129:20)
36 verbose stack     at _stream_readable.js:908:16
36 verbose stack     at process._tickCallback (node.js:355:11)
37 verbose statusCode 404
38 verbose pkgid laravel-elixer
39 verbose cwd C:\xampp\htdocs\planner2
40 error Windows_NT 6.1.7601
41 error argv "C:\\Program Files\\nodejs\\\\node.exe" "C:\\Program Files\\nodejs\\node_modules\\npm\\bin\\npm-cli.js" "install" "laravel-elixer"
42 error node v0.12.3
43 error npm  v2.9.1
44 error code E404
45 error 404 Not Found: laravel-elixer
45 error 404
45 error 404 'laravel-elixer' is not in the npm registry.
45 error 404 You should bug the author to publish it (or use the name yourself!)
45 error 404
45 error 404 Note that you can also install from a
45 error 404 tarball, folder, http url, or git url.
46 verbose exit [ 1, true ]
